
> frontend@0.1.0 dev
> next dev

⚠ Port 3000 is in use by process 86216, using available port 3001 instead.
▲ Next.js 16.2.1 (Turbopack)
- Local:         http://localhost:3001
- Network:       http://192.168.1.10:3001
✓ Ready in 739ms
⚠ Warning: Next.js inferred your workspace root, but it may not be correct.
 We detected multiple lockfiles and selected the directory of /Users/pranavmishra/package-lock.json as the root directory.
 To silence this warning, set `turbopack.root` in your Next.js config, or consider removing one of the lockfiles if it's not needed.
   See https://nextjs.org/docs/app/api-reference/config/next-config-js/turbopack#root-directory for more information.
 Detected additional lockfiles: 
   * /Users/pranavmishra/Downloads/Vishwas/frontend/package-lock.json


 GET / 200 in 2.8s (next.js: 2.7s, application-code: 168ms)
 GET / 200 in 311ms (next.js: 97ms, application-code: 214ms)
 GET / 200 in 178ms (next.js: 65ms, application-code: 113ms)
 GET / 200 in 336ms (next.js: 115ms, application-code: 221ms)
 GET / 200 in 241ms (next.js: 108ms, application-code: 133ms)
 GET / 200 in 133ms (next.js: 57ms, application-code: 75ms)
 GET / 200 in 187ms (next.js: 34ms, application-code: 153ms)
 GET / 200 in 83ms (next.js: 22ms, application-code: 60ms)
 GET / 200 in 120ms (next.js: 43ms, application-code: 76ms)
[browser] AxiosError: Network Error
    at async handleFileUpload (app/page.tsx:20:24)
  18 |
  19 |     try {
> 20 |       const response = await axios.post('http://localhost:8000/analyze', formData, {
     |                        ^
  21 |         headers: {
  22 |           'Content-Type': 'multipart/form-data'
  23 |         } (app/page.tsx:30:15)
[browser] AxiosError: Network Error
    at async handleFileUpload (app/page.tsx:20:24)
  18 |
  19 |     try {
> 20 |       const response = await axios.post('http://localhost:8000/analyze', formData, {
     |                        ^
  21 |         headers: {
  22 |           'Content-Type': 'multipart/form-data'
  23 |         } (app/page.tsx:30:15)
 GET / 200 in 88ms (next.js: 19ms, application-code: 69ms)
 GET / 200 in 80ms (next.js: 35ms, application-code: 45ms)
✓ Compiled in 382ms
 GET / 200 in 121ms (next.js: 58ms, application-code: 64ms)
 GET / 200 in 134ms (next.js: 63ms, application-code: 71ms)
[browser] InvalidStateError: Failed to execute 'share' on 'Navigator': An earlier share has not yet completed.
    at handleShare (app/page.tsx:85:17)
  83 |     
  84 |     if (navigator.share) {
> 85 |       navigator.share({
     |                 ^
  86 |         title: 'Job Offer Risk Analysis',
  87 |         text: text
  88 |       }).catch(console.error);
[browser] AbortError: Share canceled
✓ Compiled in 182ms
 GET / 200 in 121ms (next.js: 58ms, application-code: 63ms)
[browser] Native share failed or was aborted: AbortError: Share canceled (app/page.tsx:95:15)
 GET / 200 in 259ms (next.js: 63ms, application-code: 196ms)
✓ Compiled in 697ms
 GET / 200 in 1757ms (next.js: 651ms, application-code: 1106ms)
✓ Compiled in 3ms
 GET / 200 in 896ms (next.js: 179ms, application-code: 717ms)
 GET / 200 in 188ms (next.js: 16ms, application-code: 173ms)
 GET / 200 in 56ms (next.js: 5ms, application-code: 52ms)
 GET / 200 in 36ms (next.js: 5ms, application-code: 31ms)
 GET / 200 in 947ms (next.js: 263ms, application-code: 683ms)
 GET / 200 in 114ms (next.js: 4ms, application-code: 110ms)
 GET /insights 200 in 1147ms (next.js: 1105ms, application-code: 42ms)
[browser] The width(-1) and height(-1) of chart should be greater than 0,
       please check the style of container, or the props width(100%) and height(100%),
       or add a minWidth(0) or minHeight(undefined) or use aspect(undefined) to control the
       height and width.
[browser] The width(-1) and height(-1) of chart should be greater than 0,
       please check the style of container, or the props width(100%) and height(100%),
       or add a minWidth(0) or minHeight(undefined) or use aspect(undefined) to control the
       height and width.
 GET /search 404 in 498ms (next.js: 456ms, application-code: 42ms)
 GET /search 404 in 36ms (next.js: 3ms, application-code: 33ms)
 GET /insights 200 in 19ms (next.js: 4ms, application-code: 15ms)
[browser] The width(-1) and height(-1) of chart should be greater than 0,
       please check the style of container, or the props width(100%) and height(100%),
       or add a minWidth(0) or minHeight(undefined) or use aspect(undefined) to control the
       height and width.
[browser] The width(-1) and height(-1) of chart should be greater than 0,
       please check the style of container, or the props width(100%) and height(100%),
       or add a minWidth(0) or minHeight(undefined) or use aspect(undefined) to control the
       height and width.
 GET /community 404 in 23ms (next.js: 6ms, application-code: 16ms)
 GET /community 404 in 26ms (next.js: 3ms, application-code: 22ms)
 GET /search 404 in 19ms (next.js: 6ms, application-code: 13ms)
 GET /search 404 in 42ms (next.js: 4ms, application-code: 38ms)
✓ Compiled in 0ms
 GET / 200 in 404ms (next.js: 174ms, application-code: 230ms)
 GET /search 404 in 406ms (next.js: 267ms, application-code: 139ms)
 GET / 200 in 118ms (next.js: 3ms, application-code: 115ms)
 GET / 200 in 192ms (next.js: 19ms, application-code: 173ms)
 GET /search 404 in 213ms (next.js: 5ms, application-code: 208ms)
 GET /search 404 in 178ms (next.js: 93ms, application-code: 85ms)
 GET / 200 in 198ms (next.js: 77ms, application-code: 121ms)
 GET /search 404 in 243ms (next.js: 7ms, application-code: 236ms)
 GET / 200 in 122ms (next.js: 10ms, application-code: 111ms)
 GET / 200 in 83ms (next.js: 5ms, application-code: 77ms)
 GET / 200 in 70ms (next.js: 3ms, application-code: 68ms)
 GET / 200 in 94ms (next.js: 3ms, application-code: 91ms)
 GET / 200 in 64ms (next.js: 2ms, application-code: 62ms)
 GET / 200 in 39ms (next.js: 4ms, application-code: 35ms)
 GET / 200 in 924ms (next.js: 685ms, application-code: 239ms)
 GET / 200 in 146ms (next.js: 18ms, application-code: 129ms)
 GET / 200 in 106ms (next.js: 3ms, application-code: 103ms)
 GET / 200 in 112ms (next.js: 2ms, application-code: 110ms)
 GET / 200 in 98ms (next.js: 4ms, application-code: 94ms)
 GET / 200 in 83ms (next.js: 2ms, application-code: 81ms)
 GET / 200 in 135ms (next.js: 4ms, application-code: 130ms)
 GET / 200 in 185ms (next.js: 1379µs, application-code: 184ms)
 GET / 200 in 220ms (next.js: 20ms, application-code: 200ms)
 GET / 200 in 225ms (next.js: 5ms, application-code: 220ms)
 GET / 200 in 170ms (next.js: 7ms, application-code: 162ms)
 GET / 200 in 125ms (next.js: 13ms, application-code: 113ms)
 GET /search 200 in 2.2s (next.js: 2.1s, application-code: 85ms)
 GET /search 200 in 130ms (next.js: 5ms, application-code: 125ms)
 GET /search 200 in 239ms (next.js: 1581µs, application-code: 238ms)
 GET /search 200 in 924ms (next.js: 3ms, application-code: 921ms)
 GET /search 200 in 965ms (next.js: 7ms, application-code: 959ms)
 GET /search 200 in 127ms (next.js: 34ms, application-code: 93ms)
 GET /search 200 in 908ms (next.js: 11ms, application-code: 897ms)
 GET /search 200 in 59ms (next.js: 6ms, application-code: 53ms)
 GET /search 200 in 796ms (next.js: 67ms, application-code: 728ms)
 GET /insights 200 in 115ms (next.js: 78ms, application-code: 37ms)
[browser] The width(-1) and height(-1) of chart should be greater than 0,
       please check the style of container, or the props width(100%) and height(100%),
       or add a minWidth(0) or minHeight(undefined) or use aspect(undefined) to control the
       height and width.
[browser] The width(-1) and height(-1) of chart should be greater than 0,
       please check the style of container, or the props width(100%) and height(100%),
       or add a minWidth(0) or minHeight(undefined) or use aspect(undefined) to control the
       height and width.
 GET /community 200 in 767ms (next.js: 740ms, application-code: 27ms)
 GET /search 200 in 37ms (next.js: 12ms, application-code: 25ms)
 GET / 200 in 11ms (next.js: 2ms, application-code: 9ms)
✓ Compiled in 171ms
✓ Compiled in 324ms
✓ Compiled in 280ms
 GET / 200 in 531ms (next.js: 336ms, application-code: 195ms)
 GET / 200 in 75ms (next.js: 7ms, application-code: 68ms)
 GET / 200 in 45ms (next.js: 11ms, application-code: 34ms)
 GET / 200 in 25ms (next.js: 3ms, application-code: 22ms)
 GET /search 200 in 141ms (next.js: 66ms, application-code: 75ms)
[browser] AxiosError: Network Error
    at XMLHttpRequest.handleError (file:///Users/pranavmishra/Downloads/Vishwas/frontend/.next/dev/static/chunks/0~x5_0w4mjde._.js:4347:25)
    at Axios.request (file:///Users/pranavmishra/Downloads/Vishwas/frontend/.next/dev/static/chunks/0~x5_0w4mjde._.js:5107:49)
    at async handleSearch (app/search/page.tsx:17:22)
  15 |       setLoading(true);
  16 |       try {
> 17 |          const res = await axios.get(`http://localhost:8000/company/${encodeURIComponent(q...
     |                      ^
  18 |          setResult(res.data);
  19 |       } catch (e) {
  20 |          console.error(e); (app/search/page.tsx:20:18)
[browser] AxiosError: Network Error
    at XMLHttpRequest.handleError (file:///Users/pranavmishra/Downloads/Vishwas/frontend/.next/dev/static/chunks/0~x5_0w4mjde._.js:4347:25)
    at Axios.request (file:///Users/pranavmishra/Downloads/Vishwas/frontend/.next/dev/static/chunks/0~x5_0w4mjde._.js:5107:49)
    at async handleSearch (app/search/page.tsx:17:22)
  15 |       setLoading(true);
  16 |       try {
> 17 |          const res = await axios.get(`http://localhost:8000/company/${encodeURIComponent(q...
     |                      ^
  18 |          setResult(res.data);
  19 |       } catch (e) {
  20 |          console.error(e); (app/search/page.tsx:20:18)
[browser] AxiosError: Network Error
    at XMLHttpRequest.handleError (file:///Users/pranavmishra/Downloads/Vishwas/frontend/.next/dev/static/chunks/0~x5_0w4mjde._.js:4347:25)
    at Axios.request (file:///Users/pranavmishra/Downloads/Vishwas/frontend/.next/dev/static/chunks/0~x5_0w4mjde._.js:5107:49)
    at async handleSearch (app/search/page.tsx:17:22)
  15 |       setLoading(true);
  16 |       try {
> 17 |          const res = await axios.get(`http://localhost:8000/company/${encodeURIComponent(q...
     |                      ^
  18 |          setResult(res.data);
  19 |       } catch (e) {
  20 |          console.error(e); (app/search/page.tsx:20:18)
[browser] AxiosError: Network Error
    at XMLHttpRequest.handleError (file:///Users/pranavmishra/Downloads/Vishwas/frontend/.next/dev/static/chunks/0~x5_0w4mjde._.js:4347:25)
    at Axios.request (file:///Users/pranavmishra/Downloads/Vishwas/frontend/.next/dev/static/chunks/0~x5_0w4mjde._.js:5107:49)
    at async handleSearch (app/search/page.tsx:17:22)
  15 |       setLoading(true);
  16 |       try {
> 17 |          const res = await axios.get(`http://localhost:8000/company/${encodeURIComponent(q...
     |                      ^
  18 |          setResult(res.data);
  19 |       } catch (e) {
  20 |          console.error(e); (app/search/page.tsx:20:18)
[browser] AxiosError: Network Error
    at XMLHttpRequest.handleError (file:///Users/pranavmishra/Downloads/Vishwas/frontend/.next/dev/static/chunks/0~x5_0w4mjde._.js:4347:25)
    at Axios.request (file:///Users/pranavmishra/Downloads/Vishwas/frontend/.next/dev/static/chunks/0~x5_0w4mjde._.js:5107:49)
    at async handleSearch (app/search/page.tsx:17:22)
  15 |       setLoading(true);
  16 |       try {
> 17 |          const res = await axios.get(`http://localhost:8000/company/${encodeURIComponent(q...
     |                      ^
  18 |          setResult(res.data);
  19 |       } catch (e) {
  20 |          console.error(e); (app/search/page.tsx:20:18)
 GET /insights 200 in 282ms (next.js: 206ms, application-code: 76ms)
[browser] The width(-1) and height(-1) of chart should be greater than 0,
       please check the style of container, or the props width(100%) and height(100%),
       or add a minWidth(0) or minHeight(undefined) or use aspect(undefined) to control the
       height and width.
[browser] The width(-1) and height(-1) of chart should be greater than 0,
       please check the style of container, or the props width(100%) and height(100%),
       or add a minWidth(0) or minHeight(undefined) or use aspect(undefined) to control the
       height and width.
The width(-1) and height(-1) of chart should be greater than 0,
       please check the style of container, or the props width(100%) and height(100%),
       or add a minWidth(0) or minHeight(undefined) or use aspect(undefined) to control the
       height and width.
 GET /insights 200 in 405ms (next.js: 50ms, application-code: 355ms)
[browser] The width(-1) and height(-1) of chart should be greater than 0,
       please check the style of container, or the props width(100%) and height(100%),
       or add a minWidth(0) or minHeight(undefined) or use aspect(undefined) to control the
       height and width.
[browser] The width(-1) and height(-1) of chart should be greater than 0,
       please check the style of container, or the props width(100%) and height(100%),
       or add a minWidth(0) or minHeight(undefined) or use aspect(undefined) to control the
       height and width.
✓ Compiled in 878ms
The width(-1) and height(-1) of chart should be greater than 0,
       please check the style of container, or the props width(100%) and height(100%),
       or add a minWidth(0) or minHeight(undefined) or use aspect(undefined) to control the
       height and width.
 GET /insights 200 in 125ms (next.js: 47ms, application-code: 77ms)
[browser] The width(-1) and height(-1) of chart should be greater than 0,
       please check the style of container, or the props width(100%) and height(100%),
       or add a minWidth(0) or minHeight(undefined) or use aspect(undefined) to control the
       height and width.
[browser] The width(-1) and height(-1) of chart should be greater than 0,
       please check the style of container, or the props width(100%) and height(100%),
       or add a minWidth(0) or minHeight(undefined) or use aspect(undefined) to control the
       height and width.
 GET /insights 200 in 50ms (next.js: 15ms, application-code: 35ms)
 GET /insights 200 in 15ms (next.js: 1745µs, application-code: 13ms)
 GET /search 200 in 43ms (next.js: 15ms, application-code: 28ms)
 GET /community 200 in 41ms (next.js: 20ms, application-code: 21ms)
 GET / 200 in 48ms (next.js: 25ms, application-code: 23ms)
 GET / 200 in 809ms (next.js: 169ms, application-code: 640ms)
 GET /insights 200 in 71ms (next.js: 30ms, application-code: 41ms)
[browser] The width(-1) and height(-1) of chart should be greater than 0,
       please check the style of container, or the props width(100%) and height(100%),
       or add a minWidth(0) or minHeight(undefined) or use aspect(undefined) to control the
       height and width.
[browser] The width(-1) and height(-1) of chart should be greater than 0,
       please check the style of container, or the props width(100%) and height(100%),
       or add a minWidth(0) or minHeight(undefined) or use aspect(undefined) to control the
       height and width.
 GET /search 200 in 29ms (next.js: 10ms, application-code: 19ms)
 GET /insights 200 in 115ms (next.js: 39ms, application-code: 76ms)
[browser] The width(-1) and height(-1) of chart should be greater than 0,
       please check the style of container, or the props width(100%) and height(100%),
       or add a minWidth(0) or minHeight(undefined) or use aspect(undefined) to control the
       height and width.
[browser] The width(-1) and height(-1) of chart should be greater than 0,
       please check the style of container, or the props width(100%) and height(100%),
       or add a minWidth(0) or minHeight(undefined) or use aspect(undefined) to control the
       height and width.
 GET /search 200 in 51ms (next.js: 20ms, application-code: 31ms)
 GET /community 200 in 20ms (next.js: 5ms, application-code: 15ms)
 GET /community 200 in 347ms (next.js: 106ms, application-code: 242ms)
 GET / 200 in 58ms (next.js: 23ms, application-code: 36ms)
 GET /insights 200 in 108ms (next.js: 54ms, application-code: 54ms)
[browser] The width(-1) and height(-1) of chart should be greater than 0,
       please check the style of container, or the props width(100%) and height(100%),
       or add a minWidth(0) or minHeight(undefined) or use aspect(undefined) to control the
       height and width.
[browser] The width(-1) and height(-1) of chart should be greater than 0,
       please check the style of container, or the props width(100%) and height(100%),
       or add a minWidth(0) or minHeight(undefined) or use aspect(undefined) to control the
       height and width.
 GET /search 200 in 63ms (next.js: 32ms, application-code: 32ms)
 GET / 200 in 44ms (next.js: 14ms, application-code: 30ms)
 GET /community 200 in 60ms (next.js: 24ms, application-code: 36ms)
 GET /search 200 in 41ms (next.js: 14ms, application-code: 26ms)
 GET /insights 200 in 21ms (next.js: 4ms, application-code: 17ms)
[browser] The width(-1) and height(-1) of chart should be greater than 0,
       please check the style of container, or the props width(100%) and height(100%),
       or add a minWidth(0) or minHeight(undefined) or use aspect(undefined) to control the
       height and width.
[browser] The width(-1) and height(-1) of chart should be greater than 0,
       please check the style of container, or the props width(100%) and height(100%),
       or add a minWidth(0) or minHeight(undefined) or use aspect(undefined) to control the
       height and width.
 GET / 200 in 64ms (next.js: 3ms, application-code: 60ms)
 GET / 200 in 50ms (next.js: 24ms, application-code: 26ms)
 GET / 200 in 18ms (next.js: 3ms, application-code: 15ms)
 GET / 200 in 10ms (next.js: 3ms, application-code: 7ms)
 GET / 200 in 15ms (next.js: 2ms, application-code: 12ms)
 GET / 200 in 32ms (next.js: 10ms, application-code: 22ms)
 GET / 200 in 12ms (next.js: 1192µs, application-code: 11ms)
 GET / 200 in 7ms (next.js: 3ms, application-code: 4ms)
 GET / 200 in 9ms (next.js: 1670µs, application-code: 8ms)
 GET / 200 in 43ms (next.js: 1744µs, application-code: 42ms)
✓ Compiled in 1271ms
✓ Compiled in 1181ms
 GET / 200 in 613ms (next.js: 271ms, application-code: 342ms)
 GET / 200 in 72ms (next.js: 13ms, application-code: 59ms)
 GET / 200 in 57ms (next.js: 2ms, application-code: 55ms)
 GET / 200 in 46ms (next.js: 6ms, application-code: 40ms)
✓ Compiled in 261ms
 GET / 200 in 319ms (next.js: 85ms, application-code: 235ms)
 GET /insights 200 in 173ms (next.js: 107ms, application-code: 67ms)
[browser] The width(-1) and height(-1) of chart should be greater than 0,
       please check the style of container, or the props width(100%) and height(100%),
       or add a minWidth(0) or minHeight(undefined) or use aspect(undefined) to control the
       height and width.
[browser] The width(-1) and height(-1) of chart should be greater than 0,
       please check the style of container, or the props width(100%) and height(100%),
       or add a minWidth(0) or minHeight(undefined) or use aspect(undefined) to control the
       height and width.
 GET / 200 in 21ms (next.js: 11ms, application-code: 11ms)
 GET /insights 200 in 155ms (next.js: 67ms, application-code: 89ms)
[browser] The width(-1) and height(-1) of chart should be greater than 0,
       please check the style of container, or the props width(100%) and height(100%),
       or add a minWidth(0) or minHeight(undefined) or use aspect(undefined) to control the
       height and width.
[browser] The width(-1) and height(-1) of chart should be greater than 0,
       please check the style of container, or the props width(100%) and height(100%),
       or add a minWidth(0) or minHeight(undefined) or use aspect(undefined) to control the
       height and width.
 GET /community 200 in 134ms (next.js: 112ms, application-code: 22ms)
 GET /insights 200 in 56ms (next.js: 22ms, application-code: 34ms)
[browser] The width(-1) and height(-1) of chart should be greater than 0,
       please check the style of container, or the props width(100%) and height(100%),
       or add a minWidth(0) or minHeight(undefined) or use aspect(undefined) to control the
       height and width.
[browser] The width(-1) and height(-1) of chart should be greater than 0,
       please check the style of container, or the props width(100%) and height(100%),
       or add a minWidth(0) or minHeight(undefined) or use aspect(undefined) to control the
       height and width.
The width(-1) and height(-1) of chart should be greater than 0,
       please check the style of container, or the props width(100%) and height(100%),
       or add a minWidth(0) or minHeight(undefined) or use aspect(undefined) to control the
       height and width.
 GET /insights 200 in 164ms (next.js: 3ms, application-code: 160ms)
[browser] The width(-1) and height(-1) of chart should be greater than 0,
       please check the style of container, or the props width(100%) and height(100%),
       or add a minWidth(0) or minHeight(undefined) or use aspect(undefined) to control the
       height and width.
[browser] The width(-1) and height(-1) of chart should be greater than 0,
       please check the style of container, or the props width(100%) and height(100%),
       or add a minWidth(0) or minHeight(undefined) or use aspect(undefined) to control the
       height and width.
 GET / 200 in 31ms (next.js: 13ms, application-code: 18ms)
 GET /insights 200 in 31ms (next.js: 8ms, application-code: 23ms)
[browser] The width(-1) and height(-1) of chart should be greater than 0,
       please check the style of container, or the props width(100%) and height(100%),
       or add a minWidth(0) or minHeight(undefined) or use aspect(undefined) to control the
       height and width.
[browser] The width(-1) and height(-1) of chart should be greater than 0,
       please check the style of container, or the props width(100%) and height(100%),
       or add a minWidth(0) or minHeight(undefined) or use aspect(undefined) to control the
       height and width.
 GET /search 200 in 141ms (next.js: 110ms, application-code: 30ms)
 GET /insights 200 in 11ms (next.js: 2ms, application-code: 9ms)
[browser] The width(-1) and height(-1) of chart should be greater than 0,
       please check the style of container, or the props width(100%) and height(100%),
       or add a minWidth(0) or minHeight(undefined) or use aspect(undefined) to control the
       height and width.
[browser] The width(-1) and height(-1) of chart should be greater than 0,
       please check the style of container, or the props width(100%) and height(100%),
       or add a minWidth(0) or minHeight(undefined) or use aspect(undefined) to control the
       height and width.
 GET /search 200 in 30ms (next.js: 7ms, application-code: 23ms)
 GET /search 200 in 98ms (next.js: 41ms, application-code: 57ms)
 GET / 200 in 29ms (next.js: 16ms, application-code: 13ms)
 GET / 200 in 96ms (next.js: 61ms, application-code: 36ms)
